# JRE version: OpenJDK Runtime Environment (8.0_72-b15) (build 1.8.0_72-internal-b15)
# Java VM: OpenJDK 64-Bit Server VM (25.72-b15 mixed mode linux-amd64 compressed oops)
Heap:
 PSYoungGen      total 24576K, used 14587K [0x00000000d6700000, 0x00000000df700000, 0x0000000100000000)
  eden space 24064K, 60% used [0x00000000d6700000,0x00000000d752ec88,0x00000000d7e80000)
  from space 512K, 12% used [0x00000000df680000,0x00000000df690000,0x00000000df700000)
  to   space 512K, 0% used [0x00000000df600000,0x00000000df600000,0x00000000df680000)
 ParOldGen       total 86016K, used 12451K [0x0000000083400000, 0x0000000088800000, 0x00000000d6700000)
  object space 86016K, 14% used [0x0000000083400000,0x0000000084028d60,0x0000000088800000)
 Metaspace       used 15568K, capacity 15808K, committed 15872K, reserved 1062912K
  class space    used 1685K, capacity 1785K, committed 1792K, reserved 1048576K
GC Heap History (10 events):
Event: 86200.494 GC heap before
{Heap before GC invocations=168914 (full 0):
 PSYoungGen      total 24576K, used 24160K [0x00000000d6700000, 0x00000000df700000, 0x0000000100000000)
  eden space 24064K, 100% used [0x00000000d6700000,0x00000000d7e80000,0x00000000d7e80000)
  from space 512K, 18% used [0x00000000df600000,0x00000000df618000,0x00000000df680000)
  to   space 512K, 0% used [0x00000000df680000,0x00000000df680000,0x00000000df700000)
 ParOldGen       total 86016K, used 12451K [0x0000000083400000, 0x0000000088800000, 0x00000000d6700000)
  object space 86016K, 14% used [0x0000000083400000,0x0000000084028d60,0x0000000088800000)
 Metaspace       used 15561K, capacity 15808K, committed 15872K, reserved 1062912K
  class space    used 1684K, capacity 1785K, committed 1792K, reserved 1048576K
Event: 86200.496 GC heap after
Heap after GC invocations=168914 (full 0):
 PSYoungGen      total 24576K, used 64K [0x00000000d6700000, 0x00000000df700000, 0x0000000100000000)
  eden space 24064K, 0% used [0x00000000d6700000,0x00000000d6700000,0x00000000d7e80000)
  from space 512K, 12% used [0x00000000df680000,0x00000000df690000,0x00000000df700000)
  to   space 512K, 0% used [0x00000000df600000,0x00000000df600000,0x00000000df680000)
 ParOldGen       total 86016K, used 12451K [0x0000000083400000, 0x0000000088800000, 0x00000000d6700000)
  object space 86016K, 14% used [0x0000000083400000,0x0000000084028d60,0x0000000088800000)
 Metaspace       used 15561K, capacity 15808K, committed 15872K, reserved 1062912K
  class space    used 1684K, capacity 1785K, committed 1792K, reserved 1048576K
}
Event: 86201.035 GC heap before
{Heap before GC invocations=168915 (full 0):
 PSYoungGen      total 24576K, used 24128K [0x00000000d6700000, 0x00000000df700000, 0x0000000100000000)
  eden space 24064K, 100% used [0x00000000d6700000,0x00000000d7e80000,0x00000000d7e80000)
  from space 512K, 12% used [0x00000000df680000,0x00000000df690000,0x00000000df700000)
  to   space 512K, 0% used [0x00000000df600000,0x00000000df600000,0x00000000df680000)
 ParOldGen       total 86016K, used 12451K [0x0000000083400000, 0x0000000088800000, 0x00000000d6700000)
  object space 86016K, 14% used [0x0000000083400000,0x0000000084028d60,0x0000000088800000)
 Metaspace       used 15561K, capacity 15808K, committed 15872K, reserved 1062912K
  class space    used 1684K, capacity 1785K, committed 1792K, reserved 1048576K
Event: 86201.037 GC heap after
Heap after GC invocations=168915 (full 0):
 PSYoungGen      total 24576K, used 32K [0x00000000d6700000, 0x00000000df700000, 0x0000000100000000)
  eden space 24064K, 0% used [0x00000000d6700000,0x00000000d6700000,0x00000000d7e80000)
  from space 512K, 6% used [0x00000000df600000,0x00000000df608000,0x00000000df680000)
  to   space 512K, 0% used [0x00000000df680000,0x00000000df680000,0x00000000df700000)
 ParOldGen       total 86016K, used 12451K [0x0000000083400000, 0x0000000088800000, 0x00000000d6700000)
  object space 86016K, 14% used [0x0000000083400000,0x0000000084028d60,0x0000000088800000)
 Metaspace       used 15561K, capacity 15808K, committed 15872K, reserved 1062912K
  class space    used 1684K, capacity 1785K, committed 1792K, reserved 1048576K
}
Event: 86201.575 GC heap before
{Heap before GC invocations=168916 (full 0):
 PSYoungGen      total 24576K, used 24096K [0x00000000d6700000, 0x00000000df700000, 0x0000000100000000)
  eden space 24064K, 100% used [0x00000000d6700000,0x00000000d7e80000,0x00000000d7e80000)
  from space 512K, 6% used [0x00000000df600000,0x00000000df608000,0x00000000df680000)
  to   space 512K, 0% used [0x00000000df680000,0x00000000df680000,0x00000000df700000)
 ParOldGen       total 86016K, used 12451K [0x0000000083400000, 0x0000000088800000, 0x00000000d6700000)
  object space 86016K, 14% used [0x0000000083400000,0x0000000084028d60,0x0000000088800000)
 Metaspace       used 15561K, capacity 15808K, committed 15872K, reserved 1062912K
  class space    used 1684K, capacity 1785K, committed 1792K, reserved 1048576K
Event: 86201.576 GC heap after
Heap after GC invocations=168916 (full 0):
 PSYoungGen      total 24576K, used 64K [0x00000000d6700000, 0x00000000df700000, 0x0000000100000000)
  eden space 24064K, 0% used [0x00000000d6700000,0x00000000d6700000,0x00000000d7e80000)
  from space 512K, 12% used [0x00000000df680000,0x00000000df690000,0x00000000df700000)
  to   space 512K, 0% used [0x00000000df600000,0x00000000df600000,0x00000000df680000)
 ParOldGen       total 86016K, used 12451K [0x0000000083400000, 0x0000000088800000, 0x00000000d6700000)
  object space 86016K, 14% used [0x0000000083400000,0x0000000084028d60,0x0000000088800000)
 Metaspace       used 15561K, capacity 15808K, committed 15872K, reserved 1062912K
  class space    used 1684K, capacity 1785K, committed 1792K, reserved 1048576K
}
Event: 86202.091 GC heap before
{Heap before GC invocations=168917 (full 0):
 PSYoungGen      total 24576K, used 24128K [0x00000000d6700000, 0x00000000df700000, 0x0000000100000000)
  eden space 24064K, 100% used [0x00000000d6700000,0x00000000d7e80000,0x00000000d7e80000)
  from space 512K, 12% used [0x00000000df680000,0x00000000df690000,0x00000000df700000)
  to   space 512K, 0% used [0x00000000df600000,0x00000000df600000,0x00000000df680000)
 ParOldGen       total 86016K, used 12451K [0x0000000083400000, 0x0000000088800000, 0x00000000d6700000)
  object space 86016K, 14% used [0x0000000083400000,0x0000000084028d60,0x0000000088800000)
 Metaspace       used 15561K, capacity 15808K, committed 15872K, reserved 1062912K
  class space    used 1684K, capacity 1785K, committed 1792K, reserved 1048576K
Event: 86202.093 GC heap after
Heap after GC invocations=168917 (full 0):
 PSYoungGen      total 24576K, used 96K [0x00000000d6700000, 0x00000000df700000, 0x0000000100000000)
  eden space 24064K, 0% used [0x00000000d6700000,0x00000000d6700000,0x00000000d7e80000)
  from space 512K, 18% used [0x00000000df600000,0x00000000df618000,0x00000000df680000)
  to   space 512K, 0% used [0x00000000df680000,0x00000000df680000,0x00000000df700000)
 ParOldGen       total 86016K, used 12451K [0x0000000083400000, 0x0000000088800000, 0x00000000d6700000)
  object space 86016K, 14% used [0x0000000083400000,0x0000000084028d60,0x0000000088800000)
 Metaspace       used 15561K, capacity 15808K, committed 15872K, reserved 1062912K
  class space    used 1684K, capacity 1785K, committed 1792K, reserved 1048576K
}
Event: 86202.639 GC heap before
{Heap before GC invocations=168918 (full 0):
 PSYoungGen      total 24576K, used 24160K [0x00000000d6700000, 0x00000000df700000, 0x0000000100000000)
  eden space 24064K, 100% used [0x00000000d6700000,0x00000000d7e80000,0x00000000d7e80000)
  from space 512K, 18% used [0x00000000df600000,0x00000000df618000,0x00000000df680000)
  to   space 512K, 0% used [0x00000000df680000,0x00000000df680000,0x00000000df700000)
 ParOldGen       total 86016K, used 12451K [0x0000000083400000, 0x0000000088800000, 0x00000000d6700000)
  object space 86016K, 14% used [0x0000000083400000,0x0000000084028d60,0x0000000088800000)
 Metaspace       used 15561K, capacity 15808K, committed 15872K, reserved 1062912K
  class space    used 1684K, capacity 1785K, committed 1792K, reserved 1048576K
Event: 86202.640 GC heap after
Heap after GC invocations=168918 (full 0):
 PSYoungGen      total 24576K, used 64K [0x00000000d6700000, 0x00000000df700000, 0x0000000100000000)
  eden space 24064K, 0% used [0x00000000d6700000,0x00000000d6700000,0x00000000d7e80000)
  from space 512K, 12% used [0x00000000df680000,0x00000000df690000,0x00000000df700000)
  to   space 512K, 0% used [0x00000000df600000,0x00000000df600000,0x00000000df680000)
 ParOldGen       total 86016K, used 12451K [0x0000000083400000, 0x0000000088800000, 0x00000000d6700000)
  object space 86016K, 14% used [0x0000000083400000,0x0000000084028d60,0x0000000088800000)
 Metaspace       used 15561K, capacity 15808K, committed 15872K, reserved 1062912K
  class space    used 1684K, capacity 1785K, committed 1792K, reserved 1048576K
}

